<?xml version="1.0" encoding="UTF-8"?>
<!-- Generated by org.testng.reporters.JUnitReportReporter -->
<testsuite skipped="0" hostname="INMUCHLP03121" name="com.automatics.packages.testScripts.amazon" tests="1" failures="0" timestamp="05 May 2020 10:08:51 GMT" time="278.022" errors="0">
  <testcase name="test" time="278.022" classname="com.automatics.packages.testScripts.amazon"/>
</testsuite> <!-- com.automatics.packages.testScripts.amazon -->
